# JRE version: Java(TM) SE Runtime Environment (17.0.9+11) (build 17.0.9+11-LTS-201)
# Java VM: Java HotSpot(TM) 64-Bit Server VM (17.0.9+11-LTS-201, mixed mode, sharing, tiered, compressed oops, compressed class ptrs, g1 gc, windows-amd64)
GC Precious Log:
 CPUs: 4 total, 4 available
 Memory: 8005M
 Large Page Support: Disabled
 NUMA Support: Disabled
 Compressed Oops: Enabled (Zero based)
 Heap Region Size: 2M
 Heap Min Capacity: 8M
 Heap Initial Capacity: 126M
 Heap Max Capacity: 4G
 Pre-touch: Disabled
 Parallel Workers: 4
 Concurrent Workers: 1
 Concurrent Refinement Workers: 4
 Periodic GC: Disabled
Heap:
 garbage-first heap   total 641024K, used 369664K [0x0000000700000000, 0x0000000800000000)
  region size 2048K, 2 young (4096K), 2 survivors (4096K)
 Metaspace       used 111995K, committed 112960K, reserved 557056K
  class space    used 15223K, committed 15680K, reserved 425984K
GC Heap History (20 events):
Event: 132.920 GC heap after
{Heap after GC invocations=56 (full 0):
 garbage-first heap   total 253952K, used 169963K [0x0000000700000000, 0x0000000800000000)
  region size 2048K, 2 young (4096K), 2 survivors (4096K)
 Metaspace       used 100263K, committed 101056K, reserved 557056K
  class space    used 13547K, committed 13952K, reserved 425984K
}
Event: 135.459 GC heap before
{Heap before GC invocations=57 (full 0):
 garbage-first heap   total 280576K, used 198635K [0x0000000700000000, 0x0000000800000000)
  region size 2048K, 21 young (43008K), 2 survivors (4096K)
 Metaspace       used 100560K, committed 101376K, reserved 557056K
  class space    used 13575K, committed 14016K, reserved 425984K
}
Event: 135.479 GC heap after
{Heap after GC invocations=58 (full 0):
 garbage-first heap   total 280576K, used 162514K [0x0000000700000000, 0x0000000800000000)
  region size 2048K, 3 young (6144K), 3 survivors (6144K)
 Metaspace       used 100560K, committed 101376K, reserved 557056K
  class space    used 13575K, committed 14016K, reserved 425984K
}
Event: 135.790 GC heap before
{Heap before GC invocations=58 (full 0):
 garbage-first heap   total 280576K, used 168658K [0x0000000700000000, 0x0000000800000000)
  region size 2048K, 6 young (12288K), 3 survivors (6144K)
 Metaspace       used 100585K, committed 101440K, reserved 557056K
  class space    used 13580K, committed 14016K, reserved 425984K
}
Event: 135.832 GC heap after
{Heap after GC invocations=59 (full 0):
 garbage-first heap   total 641024K, used 137371K [0x0000000700000000, 0x0000000800000000)
  region size 2048K, 1 young (2048K), 1 survivors (2048K)
 Metaspace       used 100585K, committed 101440K, reserved 557056K
  class space    used 13580K, committed 14016K, reserved 425984K
}
Event: 142.659 GC heap before
{Heap before GC invocations=59 (full 0):
 garbage-first heap   total 641024K, used 163995K [0x0000000700000000, 0x0000000800000000)
  region size 2048K, 15 young (30720K), 1 survivors (2048K)
 Metaspace       used 101701K, committed 102592K, reserved 557056K
  class space    used 13696K, committed 14144K, reserved 425984K
}
Event: 142.693 GC heap after
{Heap after GC invocations=60 (full 0):
 garbage-first heap   total 641024K, used 137216K [0x0000000700000000, 0x0000000800000000)
  region size 2048K, 2 young (4096K), 2 survivors (4096K)
 Metaspace       used 101701K, committed 102592K, reserved 557056K
  class space    used 13696K, committed 14144K, reserved 425984K
}
Event: 160.527 GC heap before
{Heap before GC invocations=60 (full 0):
 garbage-first heap   total 641024K, used 407552K [0x0000000700000000, 0x0000000800000000)
  region size 2048K, 135 young (276480K), 2 survivors (4096K)
 Metaspace       used 104770K, committed 105728K, reserved 557056K
  class space    used 14048K, committed 14528K, reserved 425984K
}
Event: 160.588 GC heap after
{Heap after GC invocations=61 (full 0):
 garbage-first heap   total 641024K, used 147813K [0x0000000700000000, 0x0000000800000000)
  region size 2048K, 8 young (16384K), 8 survivors (16384K)
 Metaspace       used 104770K, committed 105728K, reserved 557056K
  class space    used 14048K, committed 14528K, reserved 425984K
}
Event: 165.238 GC heap before
{Heap before GC invocations=61 (full 0):
 garbage-first heap   total 641024K, used 334181K [0x0000000700000000, 0x0000000800000000)
  region size 2048K, 62 young (126976K), 8 survivors (16384K)
 Metaspace       used 109271K, committed 110208K, reserved 557056K
  class space    used 14664K, committed 15168K, reserved 425984K
}
Event: 165.286 GC heap after
{Heap after GC invocations=62 (full 0):
 garbage-first heap   total 641024K, used 238257K [0x0000000700000000, 0x0000000800000000)
  region size 2048K, 18 young (36864K), 18 survivors (36864K)
 Metaspace       used 109271K, committed 110208K, reserved 557056K
  class space    used 14664K, committed 15168K, reserved 425984K
}
Event: 165.364 GC heap before
{Heap before GC invocations=62 (full 0):
 garbage-first heap   total 641024K, used 311985K [0x0000000700000000, 0x0000000800000000)
  region size 2048K, 21 young (43008K), 18 survivors (36864K)
 Metaspace       used 109271K, committed 110208K, reserved 557056K
  class space    used 14664K, committed 15168K, reserved 425984K
}
Event: 165.426 GC heap after
{Heap after GC invocations=63 (full 0):
 garbage-first heap   total 641024K, used 272121K [0x0000000700000000, 0x0000000800000000)
  region size 2048K, 3 young (6144K), 3 survivors (6144K)
 Metaspace       used 109271K, committed 110208K, reserved 557056K
  class space    used 14664K, committed 15168K, reserved 425984K
}
Event: 165.450 GC heap before
{Heap before GC invocations=63 (full 0):
 garbage-first heap   total 641024K, used 276217K [0x0000000700000000, 0x0000000800000000)
  region size 2048K, 4 young (8192K), 3 survivors (6144K)
 Metaspace       used 109271K, committed 110208K, reserved 557056K
  class space    used 14664K, committed 15168K, reserved 425984K
}
Event: 165.455 GC heap after
{Heap after GC invocations=64 (full 0):
 garbage-first heap   total 641024K, used 274329K [0x0000000700000000, 0x0000000800000000)
  region size 2048K, 2 young (4096K), 2 survivors (4096K)
 Metaspace       used 109271K, committed 110208K, reserved 557056K
  class space    used 14664K, committed 15168K, reserved 425984K
}
Event: 171.077 GC heap before
{Heap before GC invocations=65 (full 0):
 garbage-first heap   total 641024K, used 526233K [0x0000000700000000, 0x0000000800000000)
  region size 2048K, 100 young (204800K), 2 survivors (4096K)
 Metaspace       used 109501K, committed 110464K, reserved 557056K
  class space    used 14706K, committed 15168K, reserved 425984K
}
Event: 171.353 GC heap after
{Heap after GC invocations=66 (full 0):
 garbage-first heap   total 641024K, used 366286K [0x0000000700000000, 0x0000000800000000)
  region size 2048K, 13 young (26624K), 13 survivors (26624K)
 Metaspace       used 109501K, committed 110464K, reserved 557056K
  class space    used 14706K, committed 15168K, reserved 425984K
}
Event: 171.452 GC heap before
{Heap before GC invocations=66 (full 0):
 garbage-first heap   total 641024K, used 370382K [0x0000000700000000, 0x0000000800000000)
  region size 2048K, 15 young (30720K), 13 survivors (26624K)
 Metaspace       used 109501K, committed 110464K, reserved 557056K
  class space    used 14706K, committed 15168K, reserved 425984K
}
Event: 171.545 GC heap after
{Heap after GC invocations=67 (full 0):
 garbage-first heap   total 641024K, used 363955K [0x0000000700000000, 0x0000000800000000)
  region size 2048K, 2 young (4096K), 2 survivors (4096K)
 Metaspace       used 109501K, committed 110464K, reserved 557056K
  class space    used 14706K, committed 15168K, reserved 425984K
}
Event: 174.061 GC heap before
{Heap before GC invocations=67 (full 0):
 garbage-first heap   total 641024K, used 390579K [0x0000000700000000, 0x0000000800000000)
  region size 2048K, 15 young (30720K), 2 survivors (4096K)
 Metaspace       used 111995K, committed 112960K, reserved 557056K
  class space    used 15223K, committed 15680K, reserved 425984K
}

